[debug] [2021-03-21T12:32:36.272Z] ----------------------------------------------------------------------
[debug] [2021-03-21T12:32:36.273Z] Command:       C:\Program Files\nodejs\node.exe C:\Users\verno\AppData\Roaming\npm\node_modules\firebase-tools\lib\bin\firebase.js emulators:start --only functions
[debug] [2021-03-21T12:32:36.274Z] CLI Version:   9.6.1
[debug] [2021-03-21T12:32:36.274Z] Platform:      win32
[debug] [2021-03-21T12:32:36.274Z] Node Version:  v12.18.3
[debug] [2021-03-21T12:32:36.274Z] Time:          Sun Mar 21 2021 14:32:36 GMT+0200 (South Africa Standard Time)
[debug] [2021-03-21T12:32:36.275Z] ----------------------------------------------------------------------
[debug] [2021-03-21T12:32:36.275Z] 
[debug] [2021-03-21T12:32:36.281Z] > command requires scopes: ["email","openid","https://www.googleapis.com/auth/cloudplatformprojects.readonly","https://www.googleapis.com/auth/firebase","https://www.googleapis.com/auth/cloud-platform"]
[debug] [2021-03-21T12:32:36.281Z] > authorizing via signed-in user
[info] i  emulators: Starting emulators: functions {"metadata":{"emulator":{"name":"hub"},"message":"Starting emulators: functions"}}
[debug] [2021-03-21T12:32:38.325Z] [hub] writing locator at C:\Users\verno\AppData\Local\Temp\hub-tool-comp.json
[warn] !  functions: The following emulators are not running, calls to these services from the Functions emulator will affect production: auth, firestore, database, hosting, pubsub {"metadata":{"emulator":{"name":"functions"},"message":"The following emulators are not running, calls to these services from the Functions emulator will affect production: \u001b[1mauth, firestore, database, hosting, pubsub\u001b[22m"}}
[info] +  functions: Using node@12 from host. {"metadata":{"emulator":{"name":"functions"},"message":"Using node@12 from host."}}
[debug] [2021-03-21T12:32:40.377Z] defaultcredentials: writing to file C:\Users\verno\AppData\Roaming\firebase\vernon_vd.m14_gmail.com_application_default_credentials.json
[debug] [2021-03-21T12:32:40.379Z] Setting GAC to C:\Users\verno\AppData\Roaming\firebase\vernon_vd.m14_gmail.com_application_default_credentials.json {"metadata":{"emulator":{"name":"functions"},"message":"Setting GAC to C:\\Users\\verno\\AppData\\Roaming\\firebase\\vernon_vd.m14_gmail.com_application_default_credentials.json"}}
[debug] [2021-03-21T12:32:40.380Z] >>> [apiv2][query] GET https://firebase.googleapis.com/v1beta1/projects/tool-comp/adminSdkConfig [none]
[debug] [2021-03-21T12:32:41.041Z] <<< [apiv2][status] GET https://firebase.googleapis.com/v1beta1/projects/tool-comp/adminSdkConfig 200
[debug] [2021-03-21T12:32:41.041Z] <<< [apiv2][body] GET https://firebase.googleapis.com/v1beta1/projects/tool-comp/adminSdkConfig {"projectId":"tool-comp","storageBucket":"tool-comp.appspot.com","locationId":"europe-west"}
[warn] !  ui: Emulator UI unable to start on port 4000, starting on 4001 instead. {"metadata":{"emulator":{"name":"ui"},"message":"Emulator UI unable to start on port 4000, starting on 4001 instead."}}
[debug] [2021-03-21T12:32:43.106Z] Ignoring unsupported arg: auto_download {"metadata":{"emulator":{"name":"ui"},"message":"Ignoring unsupported arg: auto_download"}}
[debug] [2021-03-21T12:32:43.106Z] Ignoring unsupported arg: port {"metadata":{"emulator":{"name":"ui"},"message":"Ignoring unsupported arg: port"}}
[debug] [2021-03-21T12:32:43.106Z] Starting Emulator UI with command {"binary":"node","args":["C:\\Users\\verno\\.cache\\firebase\\emulators\\ui-v1.4.2\\server.bundle.js"],"optionalArgs":[],"joinArgs":false} {"metadata":{"emulator":{"name":"ui"},"message":"Starting Emulator UI with command {\"binary\":\"node\",\"args\":[\"C:\\\\Users\\\\verno\\\\.cache\\\\firebase\\\\emulators\\\\ui-v1.4.2\\\\server.bundle.js\"],\"optionalArgs\":[],\"joinArgs\":false}"}}
[info] i  ui: Emulator UI logging to ui-debug.log {"metadata":{"emulator":{"name":"ui"},"message":"Emulator UI logging to \u001b[1mui-debug.log\u001b[22m"}}
[debug] [2021-03-21T12:32:43.191Z] Web / API server started at http://localhost:4001
 {"metadata":{"emulator":{"name":"ui"},"message":"Web / API server started at http://localhost:4001\n"}}
[info] i  functions: Watching "C:\Users\verno\Desktop\Play\ToolComp\functions" for Cloud Functions... {"metadata":{"emulator":{"name":"functions"},"message":"Watching \"C:\\Users\\verno\\Desktop\\Play\\ToolComp\\functions\" for Cloud Functions..."}}
[debug] [2021-03-21T12:32:43.640Z] [worker-pool] addWorker(~diagnostic~) {"metadata":{"emulator":{"name":"functions"},"message":"[worker-pool] addWorker(~diagnostic~)"}}
[debug] [2021-03-21T12:32:43.640Z] [worker-pool] Adding worker with key ~diagnostic~, total=1 {"metadata":{"emulator":{"name":"functions"},"message":"[worker-pool] Adding worker with key ~diagnostic~, total=1"}}
[debug] [2021-03-21T12:32:43.641Z] [worker-pool] submitWork(triggerId=) {"metadata":{"emulator":{"name":"functions"},"message":"[worker-pool] submitWork(triggerId=)"}}
[debug] [2021-03-21T12:32:43.641Z] [worker-~diagnostic~-7c522836-9834-4566-9c91-c1e6133e43ea]: Assigning socketPath: \\?\pipe\C:\Users\verno\Desktop\Play\ToolComp\functions\23984 {"metadata":{"emulator":{"name":"functions"},"message":"[worker-~diagnostic~-7c522836-9834-4566-9c91-c1e6133e43ea]: Assigning socketPath: \\\\?\\pipe\\C:\\Users\\verno\\Desktop\\Play\\ToolComp\\functions\\23984"}}
[debug] [2021-03-21T12:32:43.641Z] [worker-~diagnostic~-7c522836-9834-4566-9c91-c1e6133e43ea]: BUSY {"metadata":{"emulator":{"name":"functions"},"message":"[worker-~diagnostic~-7c522836-9834-4566-9c91-c1e6133e43ea]: BUSY"}}
